{"name": "价格区间", "status": "broken", "statusDetails": {"message": "selenium.common.exceptions.TimeoutException: Message: \nStacktrace:\nNoSuchElementError: An element could not be located on the page using the given search parameters.\n    at AndroidUiautomator2Driver.findElOrEls (C:\\Users\\laixinhua\\AppData\\Local\\Programs\\Appium Server GUI\\resources\\app\\node_modules\\appium\\node_modules\\appium-android-driver\\lib\\commands\\find.js:75:11)\n    at processTicksAndRejections (internal/process/task_queues.js:85:5)", "trace": "self = <test_Product_search.TestProductSearch object at 0x000001EF044ECEB0>\napp_page = <appium.webdriver.webdriver.WebDriver (session=\"05815ee1-a626-4301-beb6-7ca1ae1f6c7b\")>\n\n    @allure.story(\"产品列表\")  # allure子模块名称\n    @allure.title(\"价格区间\")  # allure用例标题\n    @pytest.mark.flaky(reruns=2, reruns_delay=3)  # 失败重跑\n    def test_Comprehensive_search_Price_range(self, app_page):\n        LoginPage(app_page).login('13538262412', '868385',app_page)\n        RolePage(app_page).Select_company_role()\n        CompanyHomePage(app_page).Total_number_of_products_clicked()\n        time.sleep(10)\n        price = Random_name.RandomName.RandomPrice(app_page)\n        lowest_price = price[0]\n        print(\"最低价为：\"+lowest_price)\n        maximum_price = price[1]\n        print(\"最高价为：\"+maximum_price)\n>       ProductPage(app_page).Comprehensive_search_Price_range(lowest_price,maximum_price)\n\ntest_cases\\common\\test_Product_search.py:209: \n_ _ _ _ _ _ _ _ _ _ _ _ _ _ _ _ _ _ _ _ _ _ _ _ _ _ _ _ _ _ _ _ _ _ _ _ _ _ _ _\npage_obj\\common\\product_page.py:200: in Comprehensive_search_Price_range\n    toast_element = WebDriverWait(self.driver,5).until(EC.presence_of_element_located((MobileBy.XPATH,\".//*[contains(@text,'最小价格不能大于最大价格')]\")))\n_ _ _ _ _ _ _ _ _ _ _ _ _ _ _ _ _ _ _ _ _ _ _ _ _ _ _ _ _ _ _ _ _ _ _ _ _ _ _ _\n\nself = <selenium.webdriver.support.wait.WebDriverWait (session=\"05815ee1-a626-4301-beb6-7ca1ae1f6c7b\")>\nmethod = <function presence_of_element_located.<locals>._predicate at 0x000001EF048A2B00>\nmessage = ''\n\n    def until(self, method, message=''):\n        \"\"\"Calls the method provided with the driver as an argument until the \\\n        return value does not evaluate to ``False``.\n    \n        :param method: callable(WebDriver)\n        :param message: optional message for :exc:`TimeoutException`\n        :returns: the result of the last call to `method`\n        :raises: :exc:`selenium.common.exceptions.TimeoutException` if timeout occurs\n        \"\"\"\n        screen = None\n        stacktrace = None\n    \n        end_time = time.time() + self._timeout\n        while True:\n            try:\n                value = method(self._driver)\n                if value:\n                    return value\n            except InvalidSelectorException as e:\n                raise e\n            except self._ignored_exceptions as exc:\n                screen = getattr(exc, 'screen', None)\n                stacktrace = getattr(exc, 'stacktrace', None)\n            time.sleep(self._poll)\n            if time.time() > end_time:\n                break\n>       raise TimeoutException(message, screen, stacktrace)\nE       selenium.common.exceptions.TimeoutException: Message: \nE       Stacktrace:\nE       NoSuchElementError: An element could not be located on the page using the given search parameters.\nE           at AndroidUiautomator2Driver.findElOrEls (C:\\Users\\laixinhua\\AppData\\Local\\Programs\\Appium Server GUI\\resources\\app\\node_modules\\appium\\node_modules\\appium-android-driver\\lib\\commands\\find.js:75:11)\nE           at processTicksAndRejections (internal/process/task_queues.js:85:5)\n\nvenv\\lib\\site-packages\\selenium\\webdriver\\support\\wait.py:89: TimeoutException"}, "steps": [{"name": "点击同意", "status": "passed", "start": 1663745849738, "stop": 1663745849738}, {"name": "输入账号：13538262412", "status": "passed", "start": 1663745850725, "stop": 1663745850725}, {"name": "输入验证码：868385", "status": "passed", "start": 1663745853739, "stop": 1663745853739}, {"name": "勾选我同意并阅读《用户服务协议》与《隐私政策》", "status": "passed", "start": 1663745855399, "stop": 1663745855399}, {"name": "点击登录", "status": "passed", "start": 1663745856024, "stop": 1663745856024}, {"name": "选择公司角色", "status": "passed", "start": 1663745856703, "stop": 1663745856704}, {"name": "点击登录按钮", "status": "passed", "start": 1663745857861, "stop": 1663745857861}, {"name": "点击产品总数", "status": "passed", "start": 1663745858863, "stop": 1663745858863}, {"name": "点击综合搜索", "status": "passed", "start": 1663745871780, "stop": 1663745871780}, {"name": "点击价格区间展开", "status": "passed", "start": 1663745871993, "stop": 1663745871994}, {"name": "输入最低价：93", "status": "passed", "start": 1663745873240, "stop": 1663745873241}, {"name": "输入最高价:8", "status": "passed", "start": 1663745875052, "stop": 1663745875052}, {"name": "点击价格区间收起", "status": "passed", "start": 1663745876703, "stop": 1663745876703}, {"name": "点击确定", "status": "passed", "start": 1663745877325, "stop": 1663745877325}, {"name": "获取toast信息", "status": "passed", "start": 1663745878058, "stop": 1663745878058}, {"name": "添加失败截图", "status": "passed", "attachments": [{"name": "失败截图", "source": "c6c742c1-b37a-4b6c-8bb4-f6d57c86ab5d-attachment.png", "type": "image/png"}], "start": 1663745883470, "stop": 1663745883740}], "attachments": [{"name": "log", "source": "d43f33f2-3e7b-4eaa-a339-d4c37b1afa70-attachment.txt", "type": "text/plain"}], "start": 1663745849738, "stop": 1663745883448, "uuid": "884cd65e-a4ac-430c-8a3c-97589459ab84", "historyId": "1cae847661066bf1512c98adccdad4ea", "testCaseId": "893d698b305f40a3f02a9175410e6765", "fullName": "test_cases.common.test_Product_search.TestProductSearch#test_Comprehensive_search_Price_range", "labels": [{"name": "story", "value": "产品列表"}, {"name": "feature", "value": "产品搜索"}, {"name": "tag", "value": "flaky(reruns=2, reruns_delay=3)"}, {"name": "parentSuite", "value": "test_cases.common"}, {"name": "suite", "value": "test_Product_search"}, {"name": "subSuite", "value": "TestProductSearch"}, {"name": "host", "value": "DESKTOP-04R5F8L"}, {"name": "thread", "value": "17508-MainThread"}, {"name": "framework", "value": "pytest"}, {"name": "language", "value": "cpython3"}, {"name": "package", "value": "test_cases.common.test_Product_search"}]}