{"name": "时间段判断", "status": "broken", "statusDetails": {"message": "selenium.common.exceptions.TimeoutException: Message: \nStacktrace:\nNoSuchElementError: An element could not be located on the page using the given search parameters.\n    at AndroidUiautomator2Driver.findElOrEls (C:\\Users\\laixinhua\\AppData\\Roaming\\npm\\node_modules\\appium\\node_modules\\appium-android-driver\\lib\\commands\\find.js:75:11)\n    at processTicksAndRejections (node:internal/process/task_queues:95:5)\n    at AndroidUiautomator2Driver.findElOrElsWithProcessing (C:\\Users\\laixinhua\\AppData\\Roaming\\npm\\node_modules\\appium\\node_modules\\appium-base-driver\\lib\\basedriver\\commands\\find.js:33:12)\n    at AndroidUiautomator2Driver.findElement (C:\\Users\\laixinhua\\AppData\\Roaming\\npm\\node_modules\\appium\\node_modules\\appium-base-driver\\lib\\basedriver\\commands\\find.js:53:10)", "trace": "self = <test_Product_search.TestProductSearch object at 0x000002CC83A204F0>\napp_page = <appium.webdriver.webdriver.WebDriver (session=\"8e808d2e-1287-4a6d-a424-517b31d04b93\")>\n\n    @allure.story(\"产品列表\")  # allure子模块名称\n    @allure.title(\"时间段判断\")  # allure用例标题\n    @pytest.mark.flaky(reruns=2, reruns_delay=3)  # 失败重跑\n    def test_Comprehensive_search_Time_period_Judgment_time(self, app_page):\n        LoginPage(app_page).login('13538262412', '868385',app_page)\n        RolePage(app_page).Select_company_role()\n        CompanyHomePage(app_page).Total_number_of_products_clicked()\n        time.sleep(10)\n>       ProductPage(app_page).Comprehensive_search_Time_period_Judgment_time()\n\ntest_cases\\common\\test_Product_search.py:233: \n_ _ _ _ _ _ _ _ _ _ _ _ _ _ _ _ _ _ _ _ _ _ _ _ _ _ _ _ _ _ _ _ _ _ _ _ _ _ _ _\npage_obj\\common\\product_page.py:324: in Comprehensive_search_Time_period_Judgment_time\n    toast_element = WebDriverWait(self.driver, 5).until(EC.presence_of_element_located((MobileBy.XPATH, \".//*[contains(@text,'开始时间不能大于结束时间')]\")))\n_ _ _ _ _ _ _ _ _ _ _ _ _ _ _ _ _ _ _ _ _ _ _ _ _ _ _ _ _ _ _ _ _ _ _ _ _ _ _ _\n\nself = <selenium.webdriver.support.wait.WebDriverWait (session=\"8e808d2e-1287-4a6d-a424-517b31d04b93\")>\nmethod = <function presence_of_element_located.<locals>._predicate at 0x000002CC83BBAD40>\nmessage = ''\n\n    def until(self, method, message=''):\n        \"\"\"Calls the method provided with the driver as an argument until the \\\n        return value does not evaluate to ``False``.\n    \n        :param method: callable(WebDriver)\n        :param message: optional message for :exc:`TimeoutException`\n        :returns: the result of the last call to `method`\n        :raises: :exc:`selenium.common.exceptions.TimeoutException` if timeout occurs\n        \"\"\"\n        screen = None\n        stacktrace = None\n    \n        end_time = time.time() + self._timeout\n        while True:\n            try:\n                value = method(self._driver)\n                if value:\n                    return value\n            except InvalidSelectorException as e:\n                raise e\n            except self._ignored_exceptions as exc:\n                screen = getattr(exc, 'screen', None)\n                stacktrace = getattr(exc, 'stacktrace', None)\n            time.sleep(self._poll)\n            if time.time() > end_time:\n                break\n>       raise TimeoutException(message, screen, stacktrace)\nE       selenium.common.exceptions.TimeoutException: Message: \nE       Stacktrace:\nE       NoSuchElementError: An element could not be located on the page using the given search parameters.\nE           at AndroidUiautomator2Driver.findElOrEls (C:\\Users\\laixinhua\\AppData\\Roaming\\npm\\node_modules\\appium\\node_modules\\appium-android-driver\\lib\\commands\\find.js:75:11)\nE           at processTicksAndRejections (node:internal/process/task_queues:95:5)\nE           at AndroidUiautomator2Driver.findElOrElsWithProcessing (C:\\Users\\laixinhua\\AppData\\Roaming\\npm\\node_modules\\appium\\node_modules\\appium-base-driver\\lib\\basedriver\\commands\\find.js:33:12)\nE           at AndroidUiautomator2Driver.findElement (C:\\Users\\laixinhua\\AppData\\Roaming\\npm\\node_modules\\appium\\node_modules\\appium-base-driver\\lib\\basedriver\\commands\\find.js:53:10)\n\nvenv\\lib\\site-packages\\selenium\\webdriver\\support\\wait.py:89: TimeoutException"}, "steps": [{"name": "点击同意", "status": "passed", "start": 1663673615127, "stop": 1663673615127}, {"name": "输入账号：13538262412", "status": "passed", "start": 1663673616059, "stop": 1663673616059}, {"name": "输入验证码：868385", "status": "passed", "start": 1663673619078, "stop": 1663673619078}, {"name": "勾选我同意并阅读《用户服务协议》与《隐私政策》", "status": "passed", "start": 1663673620732, "stop": 1663673620732}, {"name": "点击登录", "status": "passed", "start": 1663673621338, "stop": 1663673621338}, {"name": "选择公司角色", "status": "passed", "start": 1663673622046, "stop": 1663673622046}, {"name": "点击登录按钮", "status": "passed", "start": 1663673623205, "stop": 1663673623205}, {"name": "点击产品总数", "status": "passed", "start": 1663673624215, "stop": 1663673624215}, {"name": "点击综合搜索", "status": "passed", "start": 1663673637039, "stop": 1663673637039}, {"name": "点击时间段展开", "status": "passed", "start": 1663673637226, "stop": 1663673637226}, {"name": "选择开始时间", "status": "passed", "start": 1663673638874, "stop": 1663673638874}, {"name": "点击确定", "status": "passed", "start": 1663673644291, "stop": 1663673644291}, {"name": "选择结束时间", "status": "passed", "start": 1663673645058, "stop": 1663673645058}, {"name": "点击确定", "status": "passed", "start": 1663673650633, "stop": 1663673650633}, {"name": "点击确定", "status": "passed", "start": 1663673651211, "stop": 1663673651211}, {"name": "添加失败截图", "status": "passed", "attachments": [{"name": "失败截图", "source": "500c73cb-0b5c-42c3-8b4e-c351bc62e3de-attachment.png", "type": "image/png"}], "start": 1663673657680, "stop": 1663673657927}], "attachments": [{"name": "log", "source": "972cb801-7924-4f35-a5c8-875297f490be-attachment.txt", "type": "text/plain"}], "start": 1663673615126, "stop": 1663673657652, "uuid": "4508d0e6-cb65-4970-befe-f38d3e12d528", "historyId": "6eb84d4f734a01fb9ecc929cba955286", "testCaseId": "9f49ccf81db992dbe8834cbf81cbe11a", "fullName": "test_cases.common.test_Product_search.TestProductSearch#test_Comprehensive_search_Time_period_Judgment_time", "labels": [{"name": "story", "value": "产品列表"}, {"name": "feature", "value": "产品搜索"}, {"name": "tag", "value": "flaky(reruns=2, reruns_delay=3)"}, {"name": "parentSuite", "value": "test_cases.common"}, {"name": "suite", "value": "test_Product_search"}, {"name": "subSuite", "value": "TestProductSearch"}, {"name": "host", "value": "DESKTOP-04R5F8L"}, {"name": "thread", "value": "15304-MainThread"}, {"name": "framework", "value": "pytest"}, {"name": "language", "value": "cpython3"}, {"name": "package", "value": "test_cases.common.test_Product_search"}]}