{"name": "时间段判断", "status": "broken", "statusDetails": {"message": "selenium.common.exceptions.TimeoutException: Message: \nStacktrace:\nNoSuchElementError: An element could not be located on the page using the given search parameters.\n    at AndroidUiautomator2Driver.findElOrEls (C:\\Users\\laixinhua\\AppData\\Roaming\\npm\\node_modules\\appium\\node_modules\\appium-android-driver\\lib\\commands\\find.js:75:11)\n    at processTicksAndRejections (node:internal/process/task_queues:95:5)\n    at AndroidUiautomator2Driver.findElOrElsWithProcessing (C:\\Users\\laixinhua\\AppData\\Roaming\\npm\\node_modules\\appium\\node_modules\\appium-base-driver\\lib\\basedriver\\commands\\find.js:33:12)\n    at AndroidUiautomator2Driver.findElement (C:\\Users\\laixinhua\\AppData\\Roaming\\npm\\node_modules\\appium\\node_modules\\appium-base-driver\\lib\\basedriver\\commands\\find.js:53:10)", "trace": "self = <test_Product_search.TestProductSearch object at 0x000002CC83A204F0>\napp_page = <appium.webdriver.webdriver.WebDriver (session=\"67e9930f-92ab-4a06-ae4a-afa87f41a384\")>\n\n    @allure.story(\"产品列表\")  # allure子模块名称\n    @allure.title(\"时间段判断\")  # allure用例标题\n    @pytest.mark.flaky(reruns=2, reruns_delay=3)  # 失败重跑\n    def test_Comprehensive_search_Time_period_Judgment_time(self, app_page):\n        LoginPage(app_page).login('13538262412', '868385',app_page)\n        RolePage(app_page).Select_company_role()\n        CompanyHomePage(app_page).Total_number_of_products_clicked()\n        time.sleep(10)\n>       ProductPage(app_page).Comprehensive_search_Time_period_Judgment_time()\n\ntest_cases\\common\\test_Product_search.py:233: \n_ _ _ _ _ _ _ _ _ _ _ _ _ _ _ _ _ _ _ _ _ _ _ _ _ _ _ _ _ _ _ _ _ _ _ _ _ _ _ _\npage_obj\\common\\product_page.py:324: in Comprehensive_search_Time_period_Judgment_time\n    toast_element = WebDriverWait(self.driver, 5).until(EC.presence_of_element_located((MobileBy.XPATH, \".//*[contains(@text,'开始时间不能大于结束时间')]\")))\n_ _ _ _ _ _ _ _ _ _ _ _ _ _ _ _ _ _ _ _ _ _ _ _ _ _ _ _ _ _ _ _ _ _ _ _ _ _ _ _\n\nself = <selenium.webdriver.support.wait.WebDriverWait (session=\"67e9930f-92ab-4a06-ae4a-afa87f41a384\")>\nmethod = <function presence_of_element_located.<locals>._predicate at 0x000002CC83BBAEF0>\nmessage = ''\n\n    def until(self, method, message=''):\n        \"\"\"Calls the method provided with the driver as an argument until the \\\n        return value does not evaluate to ``False``.\n    \n        :param method: callable(WebDriver)\n        :param message: optional message for :exc:`TimeoutException`\n        :returns: the result of the last call to `method`\n        :raises: :exc:`selenium.common.exceptions.TimeoutException` if timeout occurs\n        \"\"\"\n        screen = None\n        stacktrace = None\n    \n        end_time = time.time() + self._timeout\n        while True:\n            try:\n                value = method(self._driver)\n                if value:\n                    return value\n            except InvalidSelectorException as e:\n                raise e\n            except self._ignored_exceptions as exc:\n                screen = getattr(exc, 'screen', None)\n                stacktrace = getattr(exc, 'stacktrace', None)\n            time.sleep(self._poll)\n            if time.time() > end_time:\n                break\n>       raise TimeoutException(message, screen, stacktrace)\nE       selenium.common.exceptions.TimeoutException: Message: \nE       Stacktrace:\nE       NoSuchElementError: An element could not be located on the page using the given search parameters.\nE           at AndroidUiautomator2Driver.findElOrEls (C:\\Users\\laixinhua\\AppData\\Roaming\\npm\\node_modules\\appium\\node_modules\\appium-android-driver\\lib\\commands\\find.js:75:11)\nE           at processTicksAndRejections (node:internal/process/task_queues:95:5)\nE           at AndroidUiautomator2Driver.findElOrElsWithProcessing (C:\\Users\\laixinhua\\AppData\\Roaming\\npm\\node_modules\\appium\\node_modules\\appium-base-driver\\lib\\basedriver\\commands\\find.js:33:12)\nE           at AndroidUiautomator2Driver.findElement (C:\\Users\\laixinhua\\AppData\\Roaming\\npm\\node_modules\\appium\\node_modules\\appium-base-driver\\lib\\basedriver\\commands\\find.js:53:10)\n\nvenv\\lib\\site-packages\\selenium\\webdriver\\support\\wait.py:89: TimeoutException"}, "steps": [{"name": "点击同意", "status": "passed", "start": 1663673670350, "stop": 1663673670350}, {"name": "输入账号：13538262412", "status": "passed", "start": 1663673671292, "stop": 1663673671292}, {"name": "输入验证码：868385", "status": "passed", "start": 1663673674312, "stop": 1663673674313}, {"name": "勾选我同意并阅读《用户服务协议》与《隐私政策》", "status": "passed", "start": 1663673676034, "stop": 1663673676034}, {"name": "点击登录", "status": "passed", "start": 1663673676647, "stop": 1663673676647}, {"name": "选择公司角色", "status": "passed", "start": 1663673677435, "stop": 1663673677435}, {"name": "点击登录按钮", "status": "passed", "start": 1663673678535, "stop": 1663673678535}, {"name": "点击产品总数", "status": "passed", "start": 1663673679519, "stop": 1663673679519}, {"name": "点击综合搜索", "status": "passed", "start": 1663673692532, "stop": 1663673692532}, {"name": "点击时间段展开", "status": "passed", "start": 1663673692728, "stop": 1663673692728}, {"name": "选择开始时间", "status": "passed", "start": 1663673694054, "stop": 1663673694054}, {"name": "点击确定", "status": "passed", "start": 1663673696335, "stop": 1663673696335}, {"name": "选择结束时间", "status": "passed", "start": 1663673697068, "stop": 1663673697068}, {"name": "点击确定", "status": "passed", "start": 1663673699574, "stop": 1663673699574}, {"name": "点击确定", "status": "passed", "start": 1663673700346, "stop": 1663673700346}, {"name": "添加失败截图", "status": "passed", "attachments": [{"name": "失败截图", "source": "2df3b43a-72de-4dcf-a79c-a9f8539be08a-attachment.png", "type": "image/png"}], "start": 1663673706348, "stop": 1663673706595}], "attachments": [{"name": "log", "source": "1bd0eefe-88ee-4757-b220-de59d298575a-attachment.txt", "type": "text/plain"}], "start": 1663673670350, "stop": 1663673706289, "uuid": "1d393944-2bc8-4ac3-a7bd-149eb83d7696", "historyId": "6eb84d4f734a01fb9ecc929cba955286", "testCaseId": "9f49ccf81db992dbe8834cbf81cbe11a", "fullName": "test_cases.common.test_Product_search.TestProductSearch#test_Comprehensive_search_Time_period_Judgment_time", "labels": [{"name": "story", "value": "产品列表"}, {"name": "feature", "value": "产品搜索"}, {"name": "tag", "value": "flaky(reruns=2, reruns_delay=3)"}, {"name": "parentSuite", "value": "test_cases.common"}, {"name": "suite", "value": "test_Product_search"}, {"name": "subSuite", "value": "TestProductSearch"}, {"name": "host", "value": "DESKTOP-04R5F8L"}, {"name": "thread", "value": "15304-MainThread"}, {"name": "framework", "value": "pytest"}, {"name": "language", "value": "cpython3"}, {"name": "package", "value": "test_cases.common.test_Product_search"}]}