{"name": "时间段判断", "status": "broken", "statusDetails": {"message": "selenium.common.exceptions.TimeoutException: Message: \nStacktrace:\nNoSuchElementError: An element could not be located on the page using the given search parameters.\n    at AndroidUiautomator2Driver.findElOrEls (C:\\Users\\laixinhua\\AppData\\Local\\Programs\\Appium Server GUI\\resources\\app\\node_modules\\appium\\node_modules\\appium-android-driver\\lib\\commands\\find.js:75:11)\n    at runMicrotasks (<anonymous>)\n    at processTicksAndRejections (internal/process/task_queues.js:85:5)", "trace": "self = <test_Product_search.TestProductSearch object at 0x000001EF044ED1B0>\napp_page = <appium.webdriver.webdriver.WebDriver (session=\"9ee13984-2d12-4a54-a428-664b5e48e33e\")>\n\n    @allure.story(\"产品列表\")  # allure子模块名称\n    @allure.title(\"时间段判断\")  # allure用例标题\n    @pytest.mark.flaky(reruns=2, reruns_delay=3)  # 失败重跑\n    def test_Comprehensive_search_Time_period_Judgment_time(self, app_page):\n        LoginPage(app_page).login('13538262412', '868385',app_page)\n        RolePage(app_page).Select_company_role()\n        CompanyHomePage(app_page).Total_number_of_products_clicked()\n        time.sleep(10)\n>       ProductPage(app_page).Comprehensive_search_Time_period_Judgment_time()\n\ntest_cases\\common\\test_Product_search.py:233: \n_ _ _ _ _ _ _ _ _ _ _ _ _ _ _ _ _ _ _ _ _ _ _ _ _ _ _ _ _ _ _ _ _ _ _ _ _ _ _ _\npage_obj\\common\\product_page.py:324: in Comprehensive_search_Time_period_Judgment_time\n    toast_element = WebDriverWait(self.driver, 5).until(EC.presence_of_element_located((MobileBy.XPATH, \".//*[contains(@text,'开始时间不能大于结束时间')]\")))\n_ _ _ _ _ _ _ _ _ _ _ _ _ _ _ _ _ _ _ _ _ _ _ _ _ _ _ _ _ _ _ _ _ _ _ _ _ _ _ _\n\nself = <selenium.webdriver.support.wait.WebDriverWait (session=\"9ee13984-2d12-4a54-a428-664b5e48e33e\")>\nmethod = <function presence_of_element_located.<locals>._predicate at 0x000001EF0459F010>\nmessage = ''\n\n    def until(self, method, message=''):\n        \"\"\"Calls the method provided with the driver as an argument until the \\\n        return value does not evaluate to ``False``.\n    \n        :param method: callable(WebDriver)\n        :param message: optional message for :exc:`TimeoutException`\n        :returns: the result of the last call to `method`\n        :raises: :exc:`selenium.common.exceptions.TimeoutException` if timeout occurs\n        \"\"\"\n        screen = None\n        stacktrace = None\n    \n        end_time = time.time() + self._timeout\n        while True:\n            try:\n                value = method(self._driver)\n                if value:\n                    return value\n            except InvalidSelectorException as e:\n                raise e\n            except self._ignored_exceptions as exc:\n                screen = getattr(exc, 'screen', None)\n                stacktrace = getattr(exc, 'stacktrace', None)\n            time.sleep(self._poll)\n            if time.time() > end_time:\n                break\n>       raise TimeoutException(message, screen, stacktrace)\nE       selenium.common.exceptions.TimeoutException: Message: \nE       Stacktrace:\nE       NoSuchElementError: An element could not be located on the page using the given search parameters.\nE           at AndroidUiautomator2Driver.findElOrEls (C:\\Users\\laixinhua\\AppData\\Local\\Programs\\Appium Server GUI\\resources\\app\\node_modules\\appium\\node_modules\\appium-android-driver\\lib\\commands\\find.js:75:11)\nE           at runMicrotasks (<anonymous>)\nE           at processTicksAndRejections (internal/process/task_queues.js:85:5)\n\nvenv\\lib\\site-packages\\selenium\\webdriver\\support\\wait.py:89: TimeoutException"}, "steps": [{"name": "点击同意", "status": "passed", "start": 1663746007548, "stop": 1663746007548}, {"name": "输入账号：13538262412", "status": "passed", "start": 1663746008478, "stop": 1663746008478}, {"name": "输入验证码：868385", "status": "passed", "start": 1663746011523, "stop": 1663746011523}, {"name": "勾选我同意并阅读《用户服务协议》与《隐私政策》", "status": "passed", "start": 1663746013176, "stop": 1663746013176}, {"name": "点击登录", "status": "passed", "start": 1663746013811, "stop": 1663746013811}, {"name": "选择公司角色", "status": "passed", "start": 1663746014603, "stop": 1663746014603}, {"name": "点击登录按钮", "status": "passed", "start": 1663746015705, "stop": 1663746015705}, {"name": "点击产品总数", "status": "passed", "start": 1663746016683, "stop": 1663746016683}, {"name": "点击综合搜索", "status": "passed", "start": 1663746029551, "stop": 1663746029551}, {"name": "点击时间段展开", "status": "passed", "start": 1663746029737, "stop": 1663746029737}, {"name": "选择开始时间", "status": "passed", "start": 1663746031024, "stop": 1663746031024}, {"name": "点击确定", "status": "passed", "start": 1663746033306, "stop": 1663746033306}, {"name": "选择结束时间", "status": "passed", "start": 1663746034107, "stop": 1663746034107}, {"name": "点击确定", "status": "passed", "start": 1663746039672, "stop": 1663746039672}, {"name": "点击确定", "status": "passed", "start": 1663746040270, "stop": 1663746040270}, {"name": "添加失败截图", "status": "passed", "attachments": [{"name": "失败截图", "source": "30becf8e-c87e-41bf-a81f-3e1d7eb3c746-attachment.png", "type": "image/png"}], "start": 1663746046187, "stop": 1663746046439}], "attachments": [{"name": "log", "source": "ddc389eb-f1e4-465f-9d87-3654d4bebd63-attachment.txt", "type": "text/plain"}], "start": 1663746007548, "stop": 1663746046165, "uuid": "46a31712-2455-453b-9dac-db2d75f168f2", "historyId": "6eb84d4f734a01fb9ecc929cba955286", "testCaseId": "9f49ccf81db992dbe8834cbf81cbe11a", "fullName": "test_cases.common.test_Product_search.TestProductSearch#test_Comprehensive_search_Time_period_Judgment_time", "labels": [{"name": "story", "value": "产品列表"}, {"name": "feature", "value": "产品搜索"}, {"name": "tag", "value": "flaky(reruns=2, reruns_delay=3)"}, {"name": "parentSuite", "value": "test_cases.common"}, {"name": "suite", "value": "test_Product_search"}, {"name": "subSuite", "value": "TestProductSearch"}, {"name": "host", "value": "DESKTOP-04R5F8L"}, {"name": "thread", "value": "17508-MainThread"}, {"name": "framework", "value": "pytest"}, {"name": "language", "value": "cpython3"}, {"name": "package", "value": "test_cases.common.test_Product_search"}]}