{"name": "时间段判断", "status": "broken", "statusDetails": {"message": "selenium.common.exceptions.TimeoutException: Message: \nStacktrace:\nNoSuchElementError: An element could not be located on the page using the given search parameters.\n    at AndroidUiautomator2Driver.findElOrEls (C:\\Users\\laixinhua\\AppData\\Local\\Programs\\Appium Server GUI\\resources\\app\\node_modules\\appium\\node_modules\\appium-android-driver\\lib\\commands\\find.js:75:11)\n    at runMicrotasks (<anonymous>)\n    at processTicksAndRejections (internal/process/task_queues.js:85:5)", "trace": "self = <test_Product_search.TestProductSearch object at 0x000001EF044ED1B0>\napp_page = <appium.webdriver.webdriver.WebDriver (session=\"ab91fdb9-3a2c-432a-b577-1dbd6fff1ec1\")>\n\n    @allure.story(\"产品列表\")  # allure子模块名称\n    @allure.title(\"时间段判断\")  # allure用例标题\n    @pytest.mark.flaky(reruns=2, reruns_delay=3)  # 失败重跑\n    def test_Comprehensive_search_Time_period_Judgment_time(self, app_page):\n        LoginPage(app_page).login('13538262412', '868385',app_page)\n        RolePage(app_page).Select_company_role()\n        CompanyHomePage(app_page).Total_number_of_products_clicked()\n        time.sleep(10)\n>       ProductPage(app_page).Comprehensive_search_Time_period_Judgment_time()\n\ntest_cases\\common\\test_Product_search.py:233: \n_ _ _ _ _ _ _ _ _ _ _ _ _ _ _ _ _ _ _ _ _ _ _ _ _ _ _ _ _ _ _ _ _ _ _ _ _ _ _ _\npage_obj\\common\\product_page.py:324: in Comprehensive_search_Time_period_Judgment_time\n    toast_element = WebDriverWait(self.driver, 5).until(EC.presence_of_element_located((MobileBy.XPATH, \".//*[contains(@text,'开始时间不能大于结束时间')]\")))\n_ _ _ _ _ _ _ _ _ _ _ _ _ _ _ _ _ _ _ _ _ _ _ _ _ _ _ _ _ _ _ _ _ _ _ _ _ _ _ _\n\nself = <selenium.webdriver.support.wait.WebDriverWait (session=\"ab91fdb9-3a2c-432a-b577-1dbd6fff1ec1\")>\nmethod = <function presence_of_element_located.<locals>._predicate at 0x000001EF0459E8C0>\nmessage = ''\n\n    def until(self, method, message=''):\n        \"\"\"Calls the method provided with the driver as an argument until the \\\n        return value does not evaluate to ``False``.\n    \n        :param method: callable(WebDriver)\n        :param message: optional message for :exc:`TimeoutException`\n        :returns: the result of the last call to `method`\n        :raises: :exc:`selenium.common.exceptions.TimeoutException` if timeout occurs\n        \"\"\"\n        screen = None\n        stacktrace = None\n    \n        end_time = time.time() + self._timeout\n        while True:\n            try:\n                value = method(self._driver)\n                if value:\n                    return value\n            except InvalidSelectorException as e:\n                raise e\n            except self._ignored_exceptions as exc:\n                screen = getattr(exc, 'screen', None)\n                stacktrace = getattr(exc, 'stacktrace', None)\n            time.sleep(self._poll)\n            if time.time() > end_time:\n                break\n>       raise TimeoutException(message, screen, stacktrace)\nE       selenium.common.exceptions.TimeoutException: Message: \nE       Stacktrace:\nE       NoSuchElementError: An element could not be located on the page using the given search parameters.\nE           at AndroidUiautomator2Driver.findElOrEls (C:\\Users\\laixinhua\\AppData\\Local\\Programs\\Appium Server GUI\\resources\\app\\node_modules\\appium\\node_modules\\appium-android-driver\\lib\\commands\\find.js:75:11)\nE           at runMicrotasks (<anonymous>)\nE           at processTicksAndRejections (internal/process/task_queues.js:85:5)\n\nvenv\\lib\\site-packages\\selenium\\webdriver\\support\\wait.py:89: TimeoutException"}, "steps": [{"name": "点击同意", "status": "passed", "start": 1663746060328, "stop": 1663746060328}, {"name": "输入账号：13538262412", "status": "passed", "start": 1663746061308, "stop": 1663746061308}, {"name": "输入验证码：868385", "status": "passed", "start": 1663746064301, "stop": 1663746064301}, {"name": "勾选我同意并阅读《用户服务协议》与《隐私政策》", "status": "passed", "start": 1663746065934, "stop": 1663746065934}, {"name": "点击登录", "status": "passed", "start": 1663746066538, "stop": 1663746066538}, {"name": "选择公司角色", "status": "passed", "start": 1663746067211, "stop": 1663746067211}, {"name": "点击登录按钮", "status": "passed", "start": 1663746068387, "stop": 1663746068387}, {"name": "点击产品总数", "status": "passed", "start": 1663746069364, "stop": 1663746069364}, {"name": "点击综合搜索", "status": "passed", "start": 1663746082239, "stop": 1663746082239}, {"name": "点击时间段展开", "status": "passed", "start": 1663746082428, "stop": 1663746082428}, {"name": "选择开始时间", "status": "passed", "start": 1663746083731, "stop": 1663746083731}, {"name": "点击确定", "status": "passed", "start": 1663746086019, "stop": 1663746086019}, {"name": "选择结束时间", "status": "passed", "start": 1663746086785, "stop": 1663746086785}, {"name": "点击确定", "status": "passed", "start": 1663746089240, "stop": 1663746089240}, {"name": "点击确定", "status": "passed", "start": 1663746089978, "stop": 1663746089978}, {"name": "添加失败截图", "status": "passed", "attachments": [{"name": "失败截图", "source": "76405c63-e796-451e-b913-2e81ac63bedd-attachment.png", "type": "image/png"}], "start": 1663746096432, "stop": 1663746096702}], "attachments": [{"name": "log", "source": "1cac484e-4b26-4d80-a5c1-f832b0e5f60e-attachment.txt", "type": "text/plain"}], "start": 1663746060328, "stop": 1663746096367, "uuid": "46174e3c-89e8-44e5-81b4-18392e3b42ed", "historyId": "6eb84d4f734a01fb9ecc929cba955286", "testCaseId": "9f49ccf81db992dbe8834cbf81cbe11a", "fullName": "test_cases.common.test_Product_search.TestProductSearch#test_Comprehensive_search_Time_period_Judgment_time", "labels": [{"name": "story", "value": "产品列表"}, {"name": "feature", "value": "产品搜索"}, {"name": "tag", "value": "flaky(reruns=2, reruns_delay=3)"}, {"name": "parentSuite", "value": "test_cases.common"}, {"name": "suite", "value": "test_Product_search"}, {"name": "subSuite", "value": "TestProductSearch"}, {"name": "host", "value": "DESKTOP-04R5F8L"}, {"name": "thread", "value": "17508-MainThread"}, {"name": "framework", "value": "pytest"}, {"name": "language", "value": "cpython3"}, {"name": "package", "value": "test_cases.common.test_Product_search"}]}