{"name": "历史查询", "status": "broken", "statusDetails": {"message": "selenium.common.exceptions.NoSuchElementException: Message: An element could not be located on the page using the given search parameters.\nStacktrace:\nNoSuchElementError: An element could not be located on the page using the given search parameters.\n    at AndroidUiautomator2Driver.findElOrEls (C:\\Users\\laixinhua\\AppData\\Local\\Programs\\Appium Server GUI\\resources\\app\\node_modules\\appium\\node_modules\\appium-android-driver\\lib\\commands\\find.js:75:11)\n    at processTicksAndRejections (internal/process/task_queues.js:85:5)", "trace": "self = <test_Query_vendor.TestQueryVendor object at 0x000001EF04526FE0>\napp_page = <appium.webdriver.webdriver.WebDriver (session=\"8a25d9b5-8195-435d-9e43-ebae7c501df2\")>\n\n    @allure.story(\"查询厂商\")  # allure子模块名称\n    @allure.title(\"历史查询\")  # allure用例标题\n    @pytest.mark.flaky(reruns=2, reruns_delay=3)  # 失败重跑\n    def test_History_Search(self, app_page):\n        LoginPage(app_page).login('13538262412', '868385',app_page)\n        RolePage(app_page).Select_company_role()\n        CompanyHomePage(app_page).Total_number_of_manufacturers_clicked()\n>       QueryVendorPage(app_page).History_Search()\n\ntest_cases\\common\\test_Query_vendor.py:63: \n_ _ _ _ _ _ _ _ _ _ _ _ _ _ _ _ _ _ _ _ _ _ _ _ _ _ _ _ _ _ _ _ _ _ _ _ _ _ _ _\npage_obj\\common\\Query_vendor_page.py:74: in History_Search\n    self.click_element(Company_home_page_lct.Total_number_of_manufacturers)\ncommon\\basepage.py:97: in click_element\n    ele = self.find_element_wait_and_focus(locator,wait_ele,by,wait,requence,index)\ncommon\\basepage.py:81: in find_element_wait_and_focus\n    return self.driver.find_element(by,locator)\nvenv\\lib\\site-packages\\appium\\webdriver\\webdriver.py:414: in find_element\n    return self.execute(RemoteCommand.FIND_ELEMENT, {'using': by, 'value': value})['value']\nvenv\\lib\\site-packages\\selenium\\webdriver\\remote\\webdriver.py:425: in execute\n    self.error_handler.check_response(response)\nvenv\\lib\\site-packages\\appium\\webdriver\\errorhandler.py:30: in check_response\n    raise wde\nvenv\\lib\\site-packages\\appium\\webdriver\\errorhandler.py:26: in check_response\n    super().check_response(response)\n_ _ _ _ _ _ _ _ _ _ _ _ _ _ _ _ _ _ _ _ _ _ _ _ _ _ _ _ _ _ _ _ _ _ _ _ _ _ _ _\n\nself = <appium.webdriver.errorhandler.MobileErrorHandler object at 0x000001EF0473CC10>\nresponse = {'status': 404, 'value': '{\"value\":{\"error\":\"no such element\",\"message\":\"An element could not be located on the page u...ver\\\\\\\\lib\\\\\\\\commands\\\\\\\\find.js:75:11)\\\\n    at processTicksAndRejections (internal/process/task_queues.js:85:5)\"}}'}\n\n    def check_response(self, response: Dict[str, Any]) -> None:\n        \"\"\"\n        Checks that a JSON response from the WebDriver does not have an error.\n    \n        :Args:\n         - response - The JSON response from the WebDriver server as a dictionary\n           object.\n    \n        :Raises: If the response contains an error message.\n        \"\"\"\n        status = response.get('status', None)\n        if not status or status == ErrorCode.SUCCESS:\n            return\n        value = None\n        message = response.get(\"message\", \"\")\n        screen: str = response.get(\"screen\", \"\")\n        stacktrace = None\n        if isinstance(status, int):\n            value_json = response.get('value', None)\n            if value_json and isinstance(value_json, str):\n                import json\n                try:\n                    value = json.loads(value_json)\n                    if len(value.keys()) == 1:\n                        value = value['value']\n                    status = value.get('error', None)\n                    if not status:\n                        status = value.get(\"status\", ErrorCode.UNKNOWN_ERROR)\n                        message = value.get(\"value\") or value.get(\"message\")\n                        if not isinstance(message, str):\n                            value = message\n                            message = message.get('message')\n                    else:\n                        message = value.get('message', None)\n                except ValueError:\n                    pass\n    \n        exception_class: Type[WebDriverException]\n        if status in ErrorCode.NO_SUCH_ELEMENT:\n            exception_class = NoSuchElementException\n        elif status in ErrorCode.NO_SUCH_FRAME:\n            exception_class = NoSuchFrameException\n        elif status in ErrorCode.NO_SUCH_SHADOW_ROOT:\n            exception_class = NoSuchShadowRootException\n        elif status in ErrorCode.NO_SUCH_WINDOW:\n            exception_class = NoSuchWindowException\n        elif status in ErrorCode.STALE_ELEMENT_REFERENCE:\n            exception_class = StaleElementReferenceException\n        elif status in ErrorCode.ELEMENT_NOT_VISIBLE:\n            exception_class = ElementNotVisibleException\n        elif status in ErrorCode.INVALID_ELEMENT_STATE:\n            exception_class = InvalidElementStateException\n        elif status in ErrorCode.INVALID_SELECTOR \\\n                or status in ErrorCode.INVALID_XPATH_SELECTOR \\\n                or status in ErrorCode.INVALID_XPATH_SELECTOR_RETURN_TYPER:\n            exception_class = InvalidSelectorException\n        elif status in ErrorCode.ELEMENT_IS_NOT_SELECTABLE:\n            exception_class = ElementNotSelectableException\n        elif status in ErrorCode.ELEMENT_NOT_INTERACTABLE:\n            exception_class = ElementNotInteractableException\n        elif status in ErrorCode.INVALID_COOKIE_DOMAIN:\n            exception_class = InvalidCookieDomainException\n        elif status in ErrorCode.UNABLE_TO_SET_COOKIE:\n            exception_class = UnableToSetCookieException\n        elif status in ErrorCode.TIMEOUT:\n            exception_class = TimeoutException\n        elif status in ErrorCode.SCRIPT_TIMEOUT:\n            exception_class = TimeoutException\n        elif status in ErrorCode.UNKNOWN_ERROR:\n            exception_class = WebDriverException\n        elif status in ErrorCode.UNEXPECTED_ALERT_OPEN:\n            exception_class = UnexpectedAlertPresentException\n        elif status in ErrorCode.NO_ALERT_OPEN:\n            exception_class = NoAlertPresentException\n        elif status in ErrorCode.IME_NOT_AVAILABLE:\n            exception_class = ImeNotAvailableException\n        elif status in ErrorCode.IME_ENGINE_ACTIVATION_FAILED:\n            exception_class = ImeActivationFailedException\n        elif status in ErrorCode.MOVE_TARGET_OUT_OF_BOUNDS:\n            exception_class = MoveTargetOutOfBoundsException\n        elif status in ErrorCode.JAVASCRIPT_ERROR:\n            exception_class = JavascriptException\n        elif status in ErrorCode.SESSION_NOT_CREATED:\n            exception_class = SessionNotCreatedException\n        elif status in ErrorCode.INVALID_ARGUMENT:\n            exception_class = InvalidArgumentException\n        elif status in ErrorCode.NO_SUCH_COOKIE:\n            exception_class = NoSuchCookieException\n        elif status in ErrorCode.UNABLE_TO_CAPTURE_SCREEN:\n            exception_class = ScreenshotException\n        elif status in ErrorCode.ELEMENT_CLICK_INTERCEPTED:\n            exception_class = ElementClickInterceptedException\n        elif status in ErrorCode.INSECURE_CERTIFICATE:\n            exception_class = InsecureCertificateException\n        elif status in ErrorCode.INVALID_COORDINATES:\n            exception_class = InvalidCoordinatesException\n        elif status in ErrorCode.INVALID_SESSION_ID:\n            exception_class = InvalidSessionIdException\n        elif status in ErrorCode.UNKNOWN_METHOD:\n            exception_class = UnknownMethodException\n        else:\n            exception_class = WebDriverException\n        if not value:\n            value = response['value']\n        if isinstance(value, str):\n            raise exception_class(value)\n        if message == \"\" and 'message' in value:\n            message = value['message']\n    \n        screen = None  # type: ignore[assignment]\n        if 'screen' in value:\n            screen = value['screen']\n    \n        stacktrace = None\n        st_value = value.get('stackTrace') or value.get('stacktrace')\n        if st_value:\n            if isinstance(st_value, str):\n                stacktrace = st_value.split('\\n')\n            else:\n                stacktrace = []\n                try:\n                    for frame in st_value:\n                        line = self._value_or_default(frame, 'lineNumber', '')\n                        file = self._value_or_default(frame, 'fileName', '<anonymous>')\n                        if line:\n                            file = \"%s:%s\" % (file, line)\n                        meth = self._value_or_default(frame, 'methodName', '<anonymous>')\n                        if 'className' in frame:\n                            meth = \"%s.%s\" % (frame['className'], meth)\n                        msg = \"    at %s (%s)\"\n                        msg = msg % (meth, file)\n                        stacktrace.append(msg)\n                except TypeError:\n                    pass\n        if exception_class == UnexpectedAlertPresentException:\n            alert_text = None\n            if 'data' in value:\n                alert_text = value['data'].get('text')\n            elif 'alert' in value:\n                alert_text = value['alert'].get('text')\n            raise exception_class(message, screen, stacktrace, alert_text)  # type: ignore[call-arg]  # mypy is not smart enough here\n>       raise exception_class(message, screen, stacktrace)\nE       selenium.common.exceptions.NoSuchElementException: Message: An element could not be located on the page using the given search parameters.\nE       Stacktrace:\nE       NoSuchElementError: An element could not be located on the page using the given search parameters.\nE           at AndroidUiautomator2Driver.findElOrEls (C:\\Users\\laixinhua\\AppData\\Local\\Programs\\Appium Server GUI\\resources\\app\\node_modules\\appium\\node_modules\\appium-android-driver\\lib\\commands\\find.js:75:11)\nE           at processTicksAndRejections (internal/process/task_queues.js:85:5)\n\nvenv\\lib\\site-packages\\selenium\\webdriver\\remote\\errorhandler.py:247: NoSuchElementException"}, "steps": [{"name": "点击同意", "status": "passed", "start": 1663747211111, "stop": 1663747211111}, {"name": "输入账号：13538262412", "status": "passed", "start": 1663747212141, "stop": 1663747212141}, {"name": "输入验证码：868385", "status": "passed", "start": 1663747215156, "stop": 1663747215156}, {"name": "勾选我同意并阅读《用户服务协议》与《隐私政策》", "status": "passed", "start": 1663747216830, "stop": 1663747216830}, {"name": "点击登录", "status": "passed", "start": 1663747217489, "stop": 1663747217489}, {"name": "选择公司角色", "status": "passed", "start": 1663747218222, "stop": 1663747218222}, {"name": "点击登录按钮", "status": "passed", "start": 1663747219356, "stop": 1663747219356}, {"name": "点击厂商总数", "status": "passed", "start": 1663747220325, "stop": 1663747220325}, {"name": "关键词输入czwjc", "status": "passed", "start": 1663747223204, "stop": 1663747223204}, {"name": "点击搜索按钮", "status": "passed", "start": 1663747225374, "stop": 1663747225374}, {"name": "点击返回", "status": "passed", "start": 1663747225965, "stop": 1663747225965}, {"name": "点击厂商总数", "status": "passed", "start": 1663747226662, "stop": 1663747226662}, {"name": "添加失败截图", "status": "passed", "attachments": [{"name": "失败截图", "source": "09c294f1-533f-44a3-88ef-4eb554cfade3-attachment.png", "type": "image/png"}], "start": 1663747256892, "stop": 1663747257194}], "attachments": [{"name": "log", "source": "d98b93d2-3316-46d2-9fdf-e2e75bfd3ab5-attachment.txt", "type": "text/plain"}], "start": 1663747211110, "stop": 1663747256849, "uuid": "c349f36f-658b-44d7-a42f-49edd6c12542", "historyId": "20a396dd4473c16043072e6ced56d597", "testCaseId": "e2be8c062e8810bbbfb161a57b1c1742", "fullName": "test_cases.common.test_Query_vendor.TestQueryVendor#test_History_Search", "labels": [{"name": "feature", "value": "查询厂商"}, {"name": "story", "value": "查询厂商"}, {"name": "tag", "value": "flaky(reruns=2, reruns_delay=3)"}, {"name": "parentSuite", "value": "test_cases.common"}, {"name": "suite", "value": "test_Query_vendor"}, {"name": "subSuite", "value": "TestQueryVendor"}, {"name": "host", "value": "DESKTOP-04R5F8L"}, {"name": "thread", "value": "17508-MainThread"}, {"name": "framework", "value": "pytest"}, {"name": "language", "value": "cpython3"}, {"name": "package", "value": "test_cases.common.test_Query_vendor"}]}